[21:53:50.989] Global cache location '/home/yuhri/.cache/typescript/4.1', safe file path '/home/yuhri/code/yuhri/k8s-experiment/frontend/node_modules/typescript/lib/typingSafeList.json', types map path /home/yuhri/code/yuhri/k8s-experiment/frontend/node_modules/typescript/lib/typesMap.json
[21:53:50.990] Processing cache location '/home/yuhri/.cache/typescript/4.1'
[21:53:50.990] Trying to find '/home/yuhri/.cache/typescript/4.1/package.json'...
[21:53:50.992] Loaded content of '/home/yuhri/.cache/typescript/4.1/package.json': {"private":true,"dependencies":{"types-registry":"^0.1.518"},"devDependencies":{"@types/accepts":"^1.3.5","@types/ajv-errors":"^1.0.2","@types/ajv-keywords":"^3.4.0","@types/ansi-styles":"^3.2.1","@types/anymatch":"^1.3.1","@types/argparse":"^2.0.4","@types/aria-query":"^4.2.0","@types/arr-diff":"^4.0.0","@types/arr-union":"^3.1.0","@types/array-unique":"^0.3.0","@types/array.prototype.flat":"^1.2.1","@types/array.prototype.flatmap":"^1.2.2","@types/asap":"^2.0.0","@types/asn1":"^0.2.0","@types/assert":"^1.5.2","@types/assert-plus":"^1.0.4","@types/async":"^3.2.5","@types/atob":"^2.1.2","@types/autoprefixer":"^9.7.2","@types/aws4":"^1.5.1","@types/babel-plugin-macros":"^2.8.4","@types/babel-plugin-syntax-jsx":"^6.18.0","@types/babylon":"^6.16.5","@types/balanced-match":"^1.0.1","@types/base64-js":"^1.3.0","@types/big.js":"^6.0.0","@types/bluebird":"^3.5.33","@types/bn.js":"^4.11.6","@types/body-parser":"^1.19.0","@types/bonjour":"^3.5.8","@types/brace-expansion":"^1.1.0","@types/braces":"^3.0.0","@types/brorand":"^1.0.30","@types/browserslist":"^4.8.0","@types/bser":"^2.0.0","@types/buffer-from":"^1.1.0","@types/buffer-xor":"^2.0.0","@types/bytes":"^3.1.0","@types/cacache":"^12.0.1","@types/caniuse-api":"^3.0.1","@types/caniuse-lite":"^1.0.0","@types/case-sensitive-paths-webpack-plugin":"^2.1.4","@types/caseless":"^0.12.2","@types/check-types":"^7.3.1","@types/chownr":"^1.0.0","@types/ci-info":"^2.0.0","@types/cipher-base":"^1.0.0","@types/classnames":"^2.2.11","@types/clean-css":"^4.2.2","@types/clone-deep":"^4.0.1","@types/co":"^4.6.2","@types/color":"^3.0.1","@types/color-convert":"^2.0.0","@types/color-name":"^1.1.1","@types/color-string":"^1.5.0","@types/combined-stream":"^1.0.2","@types/common-tags":"^1.8.0","@types/commondir":"^1.0.0","@types/component-emitter":"^1.2.10","@types/compose-function":"0.0.30","@types/compressible":"^2.0.0","@types/compression":"^1.7.0","@types/concat-map":"0.0.0","@types/concat-stream":"^1.6.0","@types/confusing-browser-globals":"^1.0.0","@types/connect-history-api-fallback":"^1.3.3","@types/contains-path":"^1.0.0","@types/content-disposition":"^0.5.3","@types/content-type":"^1.1.3","@types/convert-source-map":"^1.5.1","@types/cookie":"^0.4.0","@types/cookie-signature":"^1.0.3","@types/core-js":"^2.5.4","@types/create-hash":"^1.2.2","@types/create-hmac":"^1.1.0","@types/cross-spawn":"^6.0.2","@types/css":"0.0.31","@types/css-declaration-sorter":"^5.1.0","@types/css-tree":"^1.0.4","@types/cssesc":"^3.0.0","@types/cssnano":"^4.0.0","@types/csso":"^3.5.1","@types/cssom":"^0.4.1","@types/cssstyle":"^2.2.1","@types/d":"^1.0.0","@types/dashdash":"^1.14.0","@types/data-urls":"^2.0.0","@types/debug":"^4.1.5","@types/decode-uri-component":"^0.2.0","@types/dedent":"^0.7.0","@types/deep-equal":"^1.0.1","@types/default-gateway":"^3.0.1","@types/define-properties":"^1.1.3","@types/depd":"^1.1.32","@types/destroy":"^1.0.0","@types/detect-node":"^2.0.0","@types/diffie-hellman":"^5.0.0","@types/dir-glob":"^2.0.0","@types/doctrine":"0.0.3","@types/domexception":"^2.0.1","@types/domhandler":"^2.4.1","@types/domutils":"^1.7.3","@types/duplexify":"^3.6.0","@types/ee-first":"^1.1.0","@types/ejs":"^3.0.5","@types/elliptic":"^6.4.12","@types/encodeurl":"^1.0.0","@types/end-of-stream":"^1.4.0","@types/enhanced-resolve":"^3.0.6","@types/entities":"^1.1.1","@types/es-abstract":"^1.17.2","@types/es-to-primitive":"^1.2.4","@types/escape-html":"^1.0.0","@types/escodegen":"0.0.6","@types/eslint":"^7.2.5","@types/eslint-config-prettier":"^6.11.0","@types/eslint-plugin-prettier":"^3.1.0","@types/eslint-scope":"^3.7.0","@types/eslint-visitor-keys":"^1.0.0","@types/esprima":"^4.0.2","@types/esquery":"^1.0.1","@types/estraverse":"^5.1.0","@types/etag":"^1.8.0","@types/events":"^3.0.0","@types/eventsource":"^1.1.5","@types/exit":"^0.1.31","@types/express":"^4.17.9","@types/extend":"^3.0.1","@types/extsprintf":"^1.4.1","@types/fast-levenshtein":"0.0.1","@types/fb-watchman":"^2.0.0","@types/file-entry-cache":"^5.0.1","@types/file-loader":"^4.2.0","@types/finalhandler":"^1.1.0","@types/find-cache-dir":"^3.2.0","@types/flat-cache":"^2.0.0","@types/flush-write-stream":"^1.0.0","@types/follow-redirects":"^1.13.0","@types/forever-agent":"^0.6.0","@types/forwarded":"^0.1.0","@types/fresh":"^0.5.0","@types/from2":"^2.3.0","@types/fs-extra":"^9.0.4","@types/function-bind":"^1.1.6","@types/get-caller-file":"^1.0.0","@types/get-value":"^3.0.1","@types/getpass":"^0.1.0","@types/glob":"^7.1.3","@types/glob-parent":"^5.1.0","@types/glob-to-regexp":"^0.4.0","@types/global-modules":"^2.0.0","@types/global-prefix":"^3.0.0","@types/graceful-fs":"^4.1.4","@types/has":"^1.0.0","@types/has-ansi":"^3.0.0","@types/has-symbols":"^1.0.0","@types/he":"^1.1.1","@types/hex-color-regex":"^1.1.0","@types/hoist-non-react-statics":"^3.3.1","@types/hosted-git-info":"^3.0.1","@types/html-encoding-sniffer":"^2.0.1","@types/html-entities":"^1.2.16","@types/html-escaper":"^3.0.0","@types/html-minifier-terser":"^5.1.1","@types/htmlparser2":"^3.10.2","@types/http-errors":"^1.8.0","@types/http-proxy":"^1.17.4","@types/http-proxy-middleware":"^0.19.3","@types/icss-utils":"^4.1.0","@types/iferr":"^1.0.2","@types/imurmurhash":"^0.1.1","@types/inherits":"0.0.30","@types/ini":"^1.3.30","@types/internal-slot":"^1.0.1","@types/invariant":"^2.2.34","@types/ip":"^1.1.0","@types/is-buffer":"^2.0.0","@types/is-callable":"^1.1.0","@types/is-ci":"^2.0.0","@types/is-date-object":"^1.0.1","@types/is-glob":"^4.0.1","@types/is-number":"^7.0.1","@types/is-regex":"^1.0.0","@types/is-typedarray":"^1.0.0","@types/is-windows":"^1.0.0","@types/isarray":"^2.0.0","@types/isexe":"^2.0.0","@types/isstream":"^0.1.0","@types/istanbul-lib-coverage":"^2.0.3","@types/istanbul-lib-instrument":"^1.7.4","@types/istanbul-lib-report":"^3.0.0","@types/istanbul-lib-source-maps":"^4.0.1","@types/istanbul-reports":"^3.0.0","@types/js-yaml":"^3.12.5","@types/jsbn":"^1.2.29","@types/jsdom":"^16.2.5","@types/jsesc":"^2.5.1","@types/json-parse-better-errors":"^1.0.0","@types/json-schema":"^7.0.6","@types/json-schema-traverse":"^0.4.0","@types/json-stringify-safe":"^5.0.0","@types/json3":"^3.3.2","@types/json5":"0.0.30","@types/jsonfile":"^6.0.0","@types/kind-of":"^6.0.0","@types/language-tags":"^1.0.0","@types/loader-runner":"^2.2.3","@types/loader-utils":"^2.0.1","@types/lodash":"^4.14.165","@types/lodash-es":"^4.17.3","@types/lodash.isplainobject":"^4.0.6","@types/lodash.memoize":"^4.1.6","@types/lodash.sortby":"^4.7.6","@types/lodash.template":"^4.5.0","@types/lodash.uniq":"^4.5.6","@types/lru-cache":"^5.1.0","@types/lz-string":"^1.3.34","@types/media-typer":"^1.1.0","@types/memory-fs":"^0.3.2","@types/merge-descriptors":"^1.0.1","@types/merge-stream":"^1.1.2","@types/merge2":"^1.3.0","@types/methods":"^1.1.1","@types/micromatch":"^4.0.1","@types/mime":"^2.0.3","@types/mime-db":"^1.43.0","@types/mime-types":"^2.1.0","@types/min-indent":"^1.0.0","@types/mini-css-extract-plugin":"^1.2.1","@types/minimalistic-assert":"^1.0.1","@types/minimatch":"^3.0.3","@types/minimist":"^1.2.1","@types/minipass":"^2.2.0","@types/mkdirp":"^1.0.1","@types/move-concurrently":"^1.0.2","@types/ms":"^0.7.31","@types/natural-compare":"^1.4.0","@types/negotiator":"^0.6.1","@types/next-tick":"^1.0.0","@types/nice-try":"^2.1.0","@types/node-fetch":"^2.5.7","@types/node-forge":"^0.9.5","@types/node-int64":"^0.4.29","@types/node-notifier":"^8.0.0","@types/normalize-package-data":"^2.4.0","@types/normalize-path":"^3.0.0","@types/num2fraction":"^1.2.0","@types/object-assign":"^4.0.30","@types/object-inspect":"^1.8.0","@types/object-keys":"^1.0.1","@types/object-path":"^0.11.0","@types/object.fromentries":"^2.0.0","@types/object.getownpropertydescriptors":"^2.1.1","@types/object.pick":"^1.3.0","@types/on-finished":"^2.3.1","@types/on-headers":"^1.0.0","@types/once":"^1.4.0","@types/optimize-css-assets-webpack-plugin":"^5.0.1","@types/original":"^1.0.0","@types/pako":"^1.0.1","@types/parallel-transform":"^1.1.0","@types/parse-json":"^4.0.0","@types/parse5":"^5.0.3","@types/parseurl":"^1.3.1","@types/pascalcase":"^1.0.0","@types/path-is-absolute":"^1.0.0","@types/path-is-inside":"^1.0.0","@types/path-parse":"^1.0.19","@types/pbkdf2":"^3.1.0","@types/picomatch":"^2.2.1","@types/pify":"^3.0.2","@types/platform":"^1.3.3","@types/postcss-calc":"^7.0.0","@types/postcss-custom-properties":"^9.1.0","@types/postcss-flexbugs-fixes":"^4.2.0","@types/postcss-focus-within":"^4.0.0","@types/postcss-gap-properties":"^2.0.0","@types/postcss-load-config":"^2.0.1","@types/postcss-modules-extract-imports":"^2.0.0","@types/postcss-modules-local-by-default":"^1.2.0","@types/postcss-modules-scope":"^1.1.0","@types/postcss-modules-values":"^3.0.0","@types/postcss-normalize":"^9.0.0","@types/postcss-preset-env":"^6.7.0","@types/postcss-safe-parser":"^4.0.0","@types/prelude-ls":"^1.1.29","@types/prettier":"^2.1.5","@types/prettier-linter-helpers":"^1.0.0","@types/progress":"^2.0.3","@types/promise-inflight":"^1.0.0","@types/prompts":"^2.0.9","@types/prop-types":"^15.7.3","@types/proxy-addr":"^2.0.0","@types/psl":"^1.1.0","@types/pump":"^1.1.0","@types/pumpify":"^1.4.1","@types/punycode":"^2.1.0","@types/q":"^1.5.4","@types/qs":"^6.9.5","@types/querystringify":"^2.0.0","@types/raf":"^3.4.0","@types/randombytes":"^2.0.0","@types/range-parser":"^1.2.3","@types/react":"^17.0.0","@types/react-dev-utils":"^9.0.4","@types/react-dom":"^17.0.0","@types/react-is":"^17.0.0","@types/react-redux":"^7.1.11","@types/react-router-dom":"^5.1.6","@types/react-transition-group":"^4.4.0","@types/readable-stream":"^2.3.9","@types/recursive-readdir":"^2.2.0","@types/regenerator-runtime":"^0.13.0","@types/relateurl":"^0.2.28","@types/repeat-element":"^1.1.0","@types/repeat-string":"^1.6.0","@types/request":"^2.48.5","@types/request-promise-native":"^1.0.17","@types/require-directory":"^2.1.1","@types/requires-port":"^1.0.0","@types/resolve":"^1.17.1","@types/retry":"^0.12.0","@types/rimraf":"^3.0.0","@types/ripemd160":"^2.0.0","@types/rsvp":"^4.0.3","@types/run-parallel":"^1.1.0","@types/safe-regex":"^1.1.2","@types/safer-buffer":"^2.1.0","@types/sane":"^2.0.0","@types/sass-loader":"^8.0.0","@types/sax":"^1.2.1","@types/scheduler":"^0.16.1","@types/semver":"^7.3.4","@types/send":"^0.14.5","@types/serialize-javascript":"^4.0.0","@types/serve-index":"^1.7.30","@types/serve-static":"^1.13.8","@types/set-value":"^2.0.0","@types/setimmediate":"^1.0.2","@types/sha.js":"^2.4.0","@types/shallowequal":"^1.1.1","@types/shebang-command":"^1.2.0","@types/shell-quote":"^1.7.0","@types/signal-exit":"^3.0.0","@types/slice-ansi":"^4.0.0","@types/sockjs":"^0.3.32","@types/sockjs-client":"^1.5.0","@types/source-list-map":"^0.1.2","@types/source-map-support":"^0.5.3","@types/spdx-correct":"^2.0.0","@types/spdx-expression-parse":"^3.0.0","@types/spdy":"^3.4.4","@types/sprintf":"^0.1.0","@types/sprintf-js":"^1.1.2","@types/sshpk":"^1.10.5","@types/ssri":"^7.1.0","@types/stack-utils":"^2.0.0","@types/statuses":"^2.0.0","@types/stream-each":"^1.2.0","@types/stream-shift":"^1.0.0","@types/strict-uri-encode":"^2.0.0","@types/string-hash":"^1.1.1","@types/string-natural-compare":"^3.0.0","@types/string.prototype.matchall":"^4.0.0","@types/stringify-object":"^3.3.0","@types/strip-comments":"^2.0.0","@types/styled-components":"^5.1.4","@types/styled-jsx":"^2.2.8","@types/supports-color":"^7.2.0","@types/svg-parser":"^2.0.1","@types/svgo":"^1.3.3","@types/symbol-tree":"^3.2.1","@types/table":"^6.0.0","@types/tapable":"^1.0.6","@types/tar":"^4.0.4","@types/terser-webpack-plugin":"^5.0.2","@types/testing-library__jest-dom":"^5.9.5","@types/text-table":"^0.2.1","@types/through2":"^2.0.36","@types/timsort":"^0.3.0","@types/toposort":"^2.0.3","@types/tough-cookie":"^4.0.0","@types/traverse":"^0.6.32","@types/tryer":"^1.0.1","@types/type-check":"^0.3.27","@types/type-detect":"^4.0.1","@types/type-is":"^1.6.3","@types/uniq":"0.0.27","@types/unist":"^2.0.3","@types/universalify":"^1.0.0","@types/urix":"^0.1.0","@types/url-parse":"^1.4.3","@types/use-subscription":"^1.0.0","@types/util-deprecate":"^1.0.0","@types/util.promisify":"^1.0.4","@types/utils-merge":"0.0.28","@types/uuid":"^8.3.0","@types/validate-npm-package-license":"^3.0.0","@types/vary":"^1.1.0","@types/verror":"^1.10.4","@types/w3c-xmlserializer":"^2.0.1","@types/watchpack":"^1.1.5","@types/webidl-conversions":"^6.1.0","@types/webpack":"^4.41.25","@types/webpack-dev-middleware":"^3.7.2","@types/webpack-dev-server":"^3.11.1","@types/webpack-manifest-plugin":"^2.1.0","@types/webpack-sources":"^2.0.0","@types/whatwg-encoding":"^1.0.0","@types/whatwg-mimetype":"^2.1.0","@types/whatwg-url":"^8.0.0","@types/which":"^1.3.2","@types/workbox-build":"^5.0.0","@types/workbox-sw":"^4.3.1","@types/workbox-webpack-plugin":"^5.1.5","@types/wrap-ansi":"^3.0.0","@types/write":"^2.0.0","@types/write-file-atomic":"^3.0.1","@types/ws":"^7.4.0","@types/xtend":"^4.0.3","@types/y18n":"^4.0.0","@types/yallist":"^3.0.1","@types/yargs":"^15.0.10","@types/yargs-parser":"^15.0.0","@types/yup":"^0.29.9"}}
[21:53:50.992] Loaded content of '/home/yuhri/.cache/typescript/4.1/package-lock.json'
[21:53:51.001] Adding entry into typings cache: 'accepts' => '/home/yuhri/.cache/typescript/4.1/node_modules/@types/accepts/index.d.ts'
[21:53:51.003] Adding entry into typings cache: 'ajv-errors' => '/home/yuhri/.cache/typescript/4.1/node_modules/@types/ajv-errors/index.d.ts'
[21:53:51.006] Adding entry into typings cache: 'ajv-keywords' => '/home/yuhri/.cache/typescript/4.1/node_modules/ajv-keywords/ajv-keywords.d.ts'
[21:53:51.014] Adding entry into typings cache: 'ansi-styles' => '/home/yuhri/.cache/typescript/4.1/node_modules/@types/ansi-styles/index.d.ts'
[21:53:51.017] Adding entry into typings cache: 'anymatch' => '/home/yuhri/.cache/typescript/4.1/node_modules/@types/anymatch/index.d.ts'
[21:53:51.019] Adding entry into typings cache: 'argparse' => '/home/yuhri/.cache/typescript/4.1/node_modules/@types/argparse/index.d.ts'
[21:53:51.021] Adding entry into typings cache: 'aria-query' => '/home/yuhri/.cache/typescript/4.1/node_modules/@types/aria-query/index.d.ts'
[21:53:51.026] Adding entry into typings cache: 'arr-diff' => '/home/yuhri/.cache/typescript/4.1/node_modules/@types/arr-diff/index.d.ts'
[21:53:51.029] Adding entry into typings cache: 'arr-union' => '/home/yuhri/.cache/typescript/4.1/node_modules/@types/arr-union/index.d.ts'
[21:53:51.034] Adding entry into typings cache: 'array-unique' => '/home/yuhri/.cache/typescript/4.1/node_modules/@types/array-unique/index.d.ts'
[21:53:51.036] Adding entry into typings cache: 'array.prototype.flat' => '/home/yuhri/.cache/typescript/4.1/node_modules/@types/array.prototype.flat/index.d.ts'
[21:53:51.037] Adding entry into typings cache: 'array.prototype.flatmap' => '/home/yuhri/.cache/typescript/4.1/node_modules/@types/array.prototype.flatmap/index.d.ts'
[21:53:51.039] Adding entry into typings cache: 'asap' => '/home/yuhri/.cache/typescript/4.1/node_modules/@types/asap/index.d.ts'
[21:53:51.040] Adding entry into typings cache: 'asn1' => '/home/yuhri/.cache/typescript/4.1/node_modules/@types/asn1/index.d.ts'
[21:53:51.042] Adding entry into typings cache: 'assert' => '/home/yuhri/.cache/typescript/4.1/node_modules/@types/assert/index.d.ts'
[21:53:51.044] Adding entry into typings cache: 'assert-plus' => '/home/yuhri/.cache/typescript/4.1/node_modules/@types/assert-plus/index.d.ts'
[21:53:51.045] Adding entry into typings cache: 'async' => '/home/yuhri/.cache/typescript/4.1/node_modules/@types/async/index.d.ts'
[21:53:51.048] Adding entry into typings cache: 'atob' => '/home/yuhri/.cache/typescript/4.1/node_modules/@types/atob/index.d.ts'
[21:53:51.050] Adding entry into typings cache: 'autoprefixer' => '/home/yuhri/.cache/typescript/4.1/node_modules/@types/autoprefixer/index.d.ts'
[21:53:51.052] Adding entry into typings cache: 'aws4' => '/home/yuhri/.cache/typescript/4.1/node_modules/@types/aws4/index.d.ts'
[21:53:51.054] Adding entry into typings cache: 'babel-plugin-macros' => '/home/yuhri/.cache/typescript/4.1/node_modules/@types/babel-plugin-macros/index.d.ts'
[21:53:51.057] Adding entry into typings cache: 'babel-plugin-syntax-jsx' => '/home/yuhri/.cache/typescript/4.1/node_modules/@types/babel-plugin-syntax-jsx/index.d.ts'
[21:53:51.059] Adding entry into typings cache: 'babylon' => '/home/yuhri/.cache/typescript/4.1/node_modules/@types/babylon/index.d.ts'
[21:53:51.061] Adding entry into typings cache: 'balanced-match' => '/home/yuhri/.cache/typescript/4.1/node_modules/@types/balanced-match/index.d.ts'
[21:53:51.063] Adding entry into typings cache: 'base64-js' => '/home/yuhri/.cache/typescript/4.1/node_modules/@types/base64-js/index.d.ts'
[21:53:51.064] Adding entry into typings cache: 'big.js' => '/home/yuhri/.cache/typescript/4.1/node_modules/@types/big.js/index.d.ts'
[21:53:51.065] Adding entry into typings cache: 'bluebird' => '/home/yuhri/.cache/typescript/4.1/node_modules/@types/bluebird/index.d.ts'
[21:53:51.069] Adding entry into typings cache: 'bn.js' => '/home/yuhri/.cache/typescript/4.1/node_modules/@types/bn.js/index.d.ts'
[21:53:51.072] Adding entry into typings cache: 'body-parser' => '/home/yuhri/.cache/typescript/4.1/node_modules/@types/body-parser/index.d.ts'
[21:53:51.075] Adding entry into typings cache: 'bonjour' => '/home/yuhri/.cache/typescript/4.1/node_modules/@types/bonjour/index.d.ts'
[21:53:51.077] Adding entry into typings cache: 'brace-expansion' => '/home/yuhri/.cache/typescript/4.1/node_modules/@types/brace-expansion/index.d.ts'
[21:53:51.082] Adding entry into typings cache: 'braces' => '/home/yuhri/.cache/typescript/4.1/node_modules/@types/braces/index.d.ts'
[21:53:51.085] Adding entry into typings cache: 'brorand' => '/home/yuhri/.cache/typescript/4.1/node_modules/@types/brorand/index.d.ts'
[21:53:51.087] Adding entry into typings cache: 'browserslist' => '/home/yuhri/.cache/typescript/4.1/node_modules/@types/browserslist/index.d.ts'
[21:53:51.089] Adding entry into typings cache: 'bser' => '/home/yuhri/.cache/typescript/4.1/node_modules/@types/bser/index.d.ts'
[21:53:51.091] Adding entry into typings cache: 'buffer-from' => '/home/yuhri/.cache/typescript/4.1/node_modules/@types/buffer-from/index.d.ts'
[21:53:51.092] Adding entry into typings cache: 'buffer-xor' => '/home/yuhri/.cache/typescript/4.1/node_modules/@types/buffer-xor/index.d.ts'
[21:53:51.093] Adding entry into typings cache: 'bytes' => '/home/yuhri/.cache/typescript/4.1/node_modules/@types/bytes/index.d.ts'
[21:53:51.094] Adding entry into typings cache: 'cacache' => '/home/yuhri/.cache/typescript/4.1/node_modules/@types/cacache/index.d.ts'
[21:53:51.096] Adding entry into typings cache: 'caniuse-api' => '/home/yuhri/.cache/typescript/4.1/node_modules/@types/caniuse-api/index.d.ts'
[21:53:51.099] Adding entry into typings cache: 'caniuse-lite' => '/home/yuhri/.cache/typescript/4.1/node_modules/@types/caniuse-lite/index.d.ts'
[21:53:51.101] Adding entry into typings cache: 'case-sensitive-paths-webpack-plugin' => '/home/yuhri/.cache/typescript/4.1/node_modules/@types/case-sensitive-paths-webpack-plugin/index.d.ts'
[21:53:51.102] Adding entry into typings cache: 'caseless' => '/home/yuhri/.cache/typescript/4.1/node_modules/@types/caseless/index.d.ts'
[21:53:51.104] Adding entry into typings cache: 'check-types' => '/home/yuhri/.cache/typescript/4.1/node_modules/@types/check-types/index.d.ts'
[21:53:51.105] Adding entry into typings cache: 'chownr' => '/home/yuhri/.cache/typescript/4.1/node_modules/@types/chownr/index.d.ts'
[21:53:51.106] Adding entry into typings cache: 'ci-info' => '/home/yuhri/.cache/typescript/4.1/node_modules/@types/ci-info/index.d.ts'
[21:53:51.108] Adding entry into typings cache: 'cipher-base' => '/home/yuhri/.cache/typescript/4.1/node_modules/@types/cipher-base/index.d.ts'
[21:53:51.109] Adding entry into typings cache: 'classnames' => '/home/yuhri/.cache/typescript/4.1/node_modules/@types/classnames/index.d.ts'
[21:53:51.110] Adding entry into typings cache: 'clean-css' => '/home/yuhri/.cache/typescript/4.1/node_modules/@types/clean-css/index.d.ts'
[21:53:51.111] Adding entry into typings cache: 'clone-deep' => '/home/yuhri/.cache/typescript/4.1/node_modules/@types/clone-deep/index.d.ts'
[21:53:51.112] Adding entry into typings cache: 'co' => '/home/yuhri/.cache/typescript/4.1/node_modules/@types/co/index.d.ts'
[21:53:51.113] Adding entry into typings cache: 'color' => '/home/yuhri/.cache/typescript/4.1/node_modules/@types/color/index.d.ts'
[21:53:51.116] Adding entry into typings cache: 'color-convert' => '/home/yuhri/.cache/typescript/4.1/node_modules/@types/color-convert/index.d.ts'
[21:53:51.119] Adding entry into typings cache: 'color-name' => '/home/yuhri/.cache/typescript/4.1/node_modules/@types/color-name/index.d.ts'
[21:53:51.120] Adding entry into typings cache: 'color-string' => '/home/yuhri/.cache/typescript/4.1/node_modules/@types/color-string/index.d.ts'
[21:53:51.124] Adding entry into typings cache: 'combined-stream' => '/home/yuhri/.cache/typescript/4.1/node_modules/@types/combined-stream/index.d.ts'
[21:53:51.125] Adding entry into typings cache: 'common-tags' => '/home/yuhri/.cache/typescript/4.1/node_modules/@types/common-tags/index.d.ts'
[21:53:51.126] Adding entry into typings cache: 'commondir' => '/home/yuhri/.cache/typescript/4.1/node_modules/@types/commondir/index.d.ts'
[21:53:51.128] Adding entry into typings cache: 'component-emitter' => '/home/yuhri/.cache/typescript/4.1/node_modules/@types/component-emitter/index.d.ts'
[21:53:51.131] Adding entry into typings cache: 'compose-function' => '/home/yuhri/.cache/typescript/4.1/node_modules/@types/compose-function/index.d.ts'
[21:53:51.134] Adding entry into typings cache: 'compressible' => '/home/yuhri/.cache/typescript/4.1/node_modules/@types/compressible/index.d.ts'
[21:53:51.137] Adding entry into typings cache: 'compression' => '/home/yuhri/.cache/typescript/4.1/node_modules/@types/compression/index.d.ts'
[21:53:51.140] Adding entry into typings cache: 'concat-map' => '/home/yuhri/.cache/typescript/4.1/node_modules/@types/concat-map/index.d.ts'
[21:53:51.141] Adding entry into typings cache: 'concat-stream' => '/home/yuhri/.cache/typescript/4.1/node_modules/@types/concat-stream/index.d.ts'
[21:53:51.143] Adding entry into typings cache: 'confusing-browser-globals' => '/home/yuhri/.cache/typescript/4.1/node_modules/@types/confusing-browser-globals/index.d.ts'
[21:53:51.144] Adding entry into typings cache: 'connect-history-api-fallback' => '/home/yuhri/.cache/typescript/4.1/node_modules/@types/connect-history-api-fallback/index.d.ts'
[21:53:51.146] Adding entry into typings cache: 'contains-path' => '/home/yuhri/.cache/typescript/4.1/node_modules/@types/contains-path/index.d.ts'
[21:53:51.148] Adding entry into typings cache: 'content-disposition' => '/home/yuhri/.cache/typescript/4.1/node_modules/@types/content-disposition/index.d.ts'
[21:53:51.149] Adding entry into typings cache: 'content-type' => '/home/yuhri/.cache/typescript/4.1/node_modules/@types/content-type/index.d.ts'
[21:53:51.150] Adding entry into typings cache: 'convert-source-map' => '/home/yuhri/.cache/typescript/4.1/node_modules/@types/convert-source-map/index.d.ts'
[21:53:51.151] Adding entry into typings cache: 'cookie' => '/home/yuhri/.cache/typescript/4.1/node_modules/@types/cookie/index.d.ts'
[21:53:51.152] Adding entry into typings cache: 'cookie-signature' => '/home/yuhri/.cache/typescript/4.1/node_modules/@types/cookie-signature/index.d.ts'
[21:53:51.152] Adding entry into typings cache: 'core-js' => '/home/yuhri/.cache/typescript/4.1/node_modules/@types/core-js/index.d.ts'
[21:53:51.153] Adding entry into typings cache: 'create-hash' => '/home/yuhri/.cache/typescript/4.1/node_modules/@types/create-hash/index.d.ts'
[21:53:51.154] Adding entry into typings cache: 'create-hmac' => '/home/yuhri/.cache/typescript/4.1/node_modules/@types/create-hmac/index.d.ts'
[21:53:51.155] Adding entry into typings cache: 'cross-spawn' => '/home/yuhri/.cache/typescript/4.1/node_modules/@types/cross-spawn/index.d.ts'
[21:53:51.155] Adding entry into typings cache: 'css' => '/home/yuhri/.cache/typescript/4.1/node_modules/@types/css/index.d.ts'
[21:53:51.156] Adding entry into typings cache: 'css-declaration-sorter' => '/home/yuhri/.cache/typescript/4.1/node_modules/@types/css-declaration-sorter/index.d.ts'
[21:53:51.158] Adding entry into typings cache: 'css-tree' => '/home/yuhri/.cache/typescript/4.1/node_modules/@types/css-tree/index.d.ts'
[21:53:51.159] Adding entry into typings cache: 'cssesc' => '/home/yuhri/.cache/typescript/4.1/node_modules/@types/cssesc/index.d.ts'
[21:53:51.160] Adding entry into typings cache: 'cssnano' => '/home/yuhri/.cache/typescript/4.1/node_modules/@types/cssnano/index.d.ts'
[21:53:51.161] Adding entry into typings cache: 'csso' => '/home/yuhri/.cache/typescript/4.1/node_modules/@types/csso/index.d.ts'
[21:53:51.161] Adding entry into typings cache: 'cssom' => '/home/yuhri/.cache/typescript/4.1/node_modules/@types/cssom/index.d.ts'
[21:53:51.162] Adding entry into typings cache: 'cssstyle' => '/home/yuhri/.cache/typescript/4.1/node_modules/@types/cssstyle/index.d.ts'
[21:53:51.163] Adding entry into typings cache: 'd' => '/home/yuhri/.cache/typescript/4.1/node_modules/@types/d/index.d.ts'
[21:53:51.164] Adding entry into typings cache: 'dashdash' => '/home/yuhri/.cache/typescript/4.1/node_modules/@types/dashdash/index.d.ts'
[21:53:51.165] Adding entry into typings cache: 'data-urls' => '/home/yuhri/.cache/typescript/4.1/node_modules/@types/data-urls/index.d.ts'
[21:53:51.168] Adding entry into typings cache: 'debug' => '/home/yuhri/.cache/typescript/4.1/node_modules/@types/debug/index.d.ts'
[21:53:51.170] Adding entry into typings cache: 'decode-uri-component' => '/home/yuhri/.cache/typescript/4.1/node_modules/@types/decode-uri-component/index.d.ts'
[21:53:51.170] Adding entry into typings cache: 'dedent' => '/home/yuhri/.cache/typescript/4.1/node_modules/@types/dedent/index.d.ts'
[21:53:51.171] Adding entry into typings cache: 'deep-equal' => '/home/yuhri/.cache/typescript/4.1/node_modules/@types/deep-equal/index.d.ts'
[21:53:51.172] Adding entry into typings cache: 'default-gateway' => '/home/yuhri/.cache/typescript/4.1/node_modules/@types/default-gateway/index.d.ts'
[21:53:51.173] Adding entry into typings cache: 'define-properties' => '/home/yuhri/.cache/typescript/4.1/node_modules/@types/define-properties/index.d.ts'
[21:53:51.173] Adding entry into typings cache: 'depd' => '/home/yuhri/.cache/typescript/4.1/node_modules/@types/depd/index.d.ts'
[21:53:51.174] Adding entry into typings cache: 'destroy' => '/home/yuhri/.cache/typescript/4.1/node_modules/@types/destroy/index.d.ts'
[21:53:51.175] Adding entry into typings cache: 'detect-node' => '/home/yuhri/.cache/typescript/4.1/node_modules/@types/detect-node/index.d.ts'
[21:53:51.176] Adding entry into typings cache: 'diffie-hellman' => '/home/yuhri/.cache/typescript/4.1/node_modules/@types/diffie-hellman/index.d.ts'
[21:53:51.177] Adding entry into typings cache: 'dir-glob' => '/home/yuhri/.cache/typescript/4.1/node_modules/@types/dir-glob/index.d.ts'
[21:53:51.177] Adding entry into typings cache: 'doctrine' => '/home/yuhri/.cache/typescript/4.1/node_modules/@types/doctrine/index.d.ts'
[21:53:51.178] Adding entry into typings cache: 'domexception' => '/home/yuhri/.cache/typescript/4.1/node_modules/@types/domexception/index.d.ts'
[21:53:51.180] Adding entry into typings cache: 'domhandler' => '/home/yuhri/.cache/typescript/4.1/node_modules/@types/domhandler/index.d.ts'
[21:53:51.181] Adding entry into typings cache: 'domutils' => '/home/yuhri/.cache/typescript/4.1/node_modules/@types/domutils/index.d.ts'
[21:53:51.182] Adding entry into typings cache: 'duplexify' => '/home/yuhri/.cache/typescript/4.1/node_modules/@types/duplexify/index.d.ts'
[21:53:51.183] Adding entry into typings cache: 'ee-first' => '/home/yuhri/.cache/typescript/4.1/node_modules/@types/ee-first/index.d.ts'
[21:53:51.184] Adding entry into typings cache: 'ejs' => '/home/yuhri/.cache/typescript/4.1/node_modules/@types/ejs/index.d.ts'
[21:53:51.185] Adding entry into typings cache: 'elliptic' => '/home/yuhri/.cache/typescript/4.1/node_modules/@types/elliptic/index.d.ts'
[21:53:51.186] Adding entry into typings cache: 'encodeurl' => '/home/yuhri/.cache/typescript/4.1/node_modules/@types/encodeurl/index.d.ts'
[21:53:51.187] Adding entry into typings cache: 'end-of-stream' => '/home/yuhri/.cache/typescript/4.1/node_modules/@types/end-of-stream/index.d.ts'
[21:53:51.188] Adding entry into typings cache: 'enhanced-resolve' => '/home/yuhri/.cache/typescript/4.1/node_modules/enhanced-resolve/types.d.ts'
[21:53:51.189] Adding entry into typings cache: 'entities' => '/home/yuhri/.cache/typescript/4.1/node_modules/@types/entities/index.d.ts'
[21:53:51.189] Adding entry into typings cache: 'es-abstract' => '/home/yuhri/.cache/typescript/4.1/node_modules/@types/es-abstract/index.d.ts'
[21:53:51.190] Adding entry into typings cache: 'es-to-primitive' => '/home/yuhri/.cache/typescript/4.1/node_modules/@types/es-to-primitive/index.d.ts'
[21:53:51.191] Adding entry into typings cache: 'escape-html' => '/home/yuhri/.cache/typescript/4.1/node_modules/@types/escape-html/index.d.ts'
[21:53:51.193] Adding entry into typings cache: 'escodegen' => '/home/yuhri/.cache/typescript/4.1/node_modules/@types/escodegen/index.d.ts'
[21:53:51.193] Adding entry into typings cache: 'eslint' => '/home/yuhri/.cache/typescript/4.1/node_modules/@types/eslint/index.d.ts'
[21:53:51.195] Adding entry into typings cache: 'eslint-config-prettier' => '/home/yuhri/.cache/typescript/4.1/node_modules/@types/eslint-config-prettier/index.d.ts'
[21:53:51.196] Adding entry into typings cache: 'eslint-plugin-prettier' => '/home/yuhri/.cache/typescript/4.1/node_modules/@types/eslint-plugin-prettier/index.d.ts'
[21:53:51.199] Adding entry into typings cache: 'eslint-scope' => '/home/yuhri/.cache/typescript/4.1/node_modules/@types/eslint-scope/index.d.ts'
[21:53:51.201] Adding entry into typings cache: 'eslint-visitor-keys' => '/home/yuhri/.cache/typescript/4.1/node_modules/@types/eslint-visitor-keys/index.d.ts'
[21:53:51.202] Adding entry into typings cache: 'esprima' => '/home/yuhri/.cache/typescript/4.1/node_modules/@types/esprima/index.d.ts'
[21:53:51.203] Adding entry into typings cache: 'esquery' => '/home/yuhri/.cache/typescript/4.1/node_modules/@types/esquery/index.d.ts'
[21:53:51.206] Adding entry into typings cache: 'estraverse' => '/home/yuhri/.cache/typescript/4.1/node_modules/@types/estraverse/index.d.ts'
[21:53:51.207] Adding entry into typings cache: 'etag' => '/home/yuhri/.cache/typescript/4.1/node_modules/@types/etag/index.d.ts'
[21:53:51.209] Adding entry into typings cache: 'events' => '/home/yuhri/.cache/typescript/4.1/node_modules/@types/events/index.d.ts'
[21:53:51.210] Adding entry into typings cache: 'eventsource' => '/home/yuhri/.cache/typescript/4.1/node_modules/@types/eventsource/index.d.ts'
[21:53:51.211] Adding entry into typings cache: 'exit' => '/home/yuhri/.cache/typescript/4.1/node_modules/@types/exit/index.d.ts'
[21:53:51.214] Adding entry into typings cache: 'express' => '/home/yuhri/.cache/typescript/4.1/node_modules/@types/express/index.d.ts'
[21:53:51.215] Adding entry into typings cache: 'extend' => '/home/yuhri/.cache/typescript/4.1/node_modules/@types/extend/index.d.ts'
[21:53:51.216] Adding entry into typings cache: 'extsprintf' => '/home/yuhri/.cache/typescript/4.1/node_modules/@types/extsprintf/index.d.ts'
[21:53:51.216] Adding entry into typings cache: 'fast-levenshtein' => '/home/yuhri/.cache/typescript/4.1/node_modules/@types/fast-levenshtein/index.d.ts'
[21:53:51.217] Adding entry into typings cache: 'fb-watchman' => '/home/yuhri/.cache/typescript/4.1/node_modules/@types/fb-watchman/index.d.ts'
[21:53:51.218] Adding entry into typings cache: 'file-entry-cache' => '/home/yuhri/.cache/typescript/4.1/node_modules/@types/file-entry-cache/index.d.ts'
[21:53:51.218] Adding entry into typings cache: 'file-loader' => '/home/yuhri/.cache/typescript/4.1/node_modules/@types/file-loader/index.d.ts'
[21:53:51.219] Adding entry into typings cache: 'finalhandler' => '/home/yuhri/.cache/typescript/4.1/node_modules/@types/finalhandler/index.d.ts'
[21:53:51.220] Adding entry into typings cache: 'find-cache-dir' => '/home/yuhri/.cache/typescript/4.1/node_modules/@types/find-cache-dir/index.d.ts'
[21:53:51.221] Adding entry into typings cache: 'flat-cache' => '/home/yuhri/.cache/typescript/4.1/node_modules/@types/flat-cache/index.d.ts'
[21:53:51.221] Adding entry into typings cache: 'flush-write-stream' => '/home/yuhri/.cache/typescript/4.1/node_modules/@types/flush-write-stream/index.d.ts'
[21:53:51.222] Adding entry into typings cache: 'follow-redirects' => '/home/yuhri/.cache/typescript/4.1/node_modules/@types/follow-redirects/index.d.ts'
[21:53:51.223] Adding entry into typings cache: 'forever-agent' => '/home/yuhri/.cache/typescript/4.1/node_modules/@types/forever-agent/index.d.ts'
[21:53:51.224] Adding entry into typings cache: 'forwarded' => '/home/yuhri/.cache/typescript/4.1/node_modules/@types/forwarded/index.d.ts'
[21:53:51.224] Adding entry into typings cache: 'fresh' => '/home/yuhri/.cache/typescript/4.1/node_modules/@types/fresh/index.d.ts'
[21:53:51.225] Adding entry into typings cache: 'from2' => '/home/yuhri/.cache/typescript/4.1/node_modules/@types/from2/index.d.ts'
[21:53:51.226] Adding entry into typings cache: 'fs-extra' => '/home/yuhri/.cache/typescript/4.1/node_modules/@types/fs-extra/index.d.ts'
[21:53:51.227] Adding entry into typings cache: 'function-bind' => '/home/yuhri/.cache/typescript/4.1/node_modules/@types/function-bind/index.d.ts'
[21:53:51.228] Adding entry into typings cache: 'get-caller-file' => '/home/yuhri/.cache/typescript/4.1/node_modules/@types/get-caller-file/index.d.ts'
[21:53:51.229] Adding entry into typings cache: 'get-value' => '/home/yuhri/.cache/typescript/4.1/node_modules/@types/get-value/index.d.ts'
[21:53:51.230] Adding entry into typings cache: 'getpass' => '/home/yuhri/.cache/typescript/4.1/node_modules/@types/getpass/index.d.ts'
[21:53:51.230] Adding entry into typings cache: 'glob' => '/home/yuhri/.cache/typescript/4.1/node_modules/@types/glob/index.d.ts'
[21:53:51.231] Adding entry into typings cache: 'glob-parent' => '/home/yuhri/.cache/typescript/4.1/node_modules/@types/glob-parent/index.d.ts'
[21:53:51.232] Adding entry into typings cache: 'glob-to-regexp' => '/home/yuhri/.cache/typescript/4.1/node_modules/@types/glob-to-regexp/index.d.ts'
[21:53:51.233] Adding entry into typings cache: 'global-modules' => '/home/yuhri/.cache/typescript/4.1/node_modules/@types/global-modules/index.d.ts'
[21:53:51.233] Adding entry into typings cache: 'global-prefix' => '/home/yuhri/.cache/typescript/4.1/node_modules/@types/global-prefix/index.d.ts'
[21:53:51.234] Adding entry into typings cache: 'graceful-fs' => '/home/yuhri/.cache/typescript/4.1/node_modules/@types/graceful-fs/index.d.ts'
[21:53:51.235] Adding entry into typings cache: 'has' => '/home/yuhri/.cache/typescript/4.1/node_modules/@types/has/index.d.ts'
[21:53:51.236] Adding entry into typings cache: 'has-ansi' => '/home/yuhri/.cache/typescript/4.1/node_modules/@types/has-ansi/index.d.ts'
[21:53:51.236] Adding entry into typings cache: 'has-symbols' => '/home/yuhri/.cache/typescript/4.1/node_modules/@types/has-symbols/index.d.ts'
[21:53:51.237] Adding entry into typings cache: 'he' => '/home/yuhri/.cache/typescript/4.1/node_modules/@types/he/index.d.ts'
[21:53:51.237] Adding entry into typings cache: 'hex-color-regex' => '/home/yuhri/.cache/typescript/4.1/node_modules/@types/hex-color-regex/index.d.ts'
[21:53:51.238] Adding entry into typings cache: 'hoist-non-react-statics' => '/home/yuhri/.cache/typescript/4.1/node_modules/@types/hoist-non-react-statics/index.d.ts'
[21:53:51.239] Adding entry into typings cache: 'hosted-git-info' => '/home/yuhri/.cache/typescript/4.1/node_modules/@types/hosted-git-info/index.d.ts'
[21:53:51.239] Adding entry into typings cache: 'html-encoding-sniffer' => '/home/yuhri/.cache/typescript/4.1/node_modules/@types/html-encoding-sniffer/index.d.ts'
[21:53:51.240] Adding entry into typings cache: 'html-entities' => '/home/yuhri/.cache/typescript/4.1/node_modules/@types/html-entities/index.d.ts'
[21:53:51.240] Adding entry into typings cache: 'html-escaper' => '/home/yuhri/.cache/typescript/4.1/node_modules/@types/html-escaper/index.d.ts'
[21:53:51.241] Adding entry into typings cache: 'html-minifier-terser' => '/home/yuhri/.cache/typescript/4.1/node_modules/@types/html-minifier-terser/index.d.ts'
[21:53:51.241] Adding entry into typings cache: 'htmlparser2' => '/home/yuhri/.cache/typescript/4.1/node_modules/@types/htmlparser2/index.d.ts'
[21:53:51.242] Adding entry into typings cache: 'http-errors' => '/home/yuhri/.cache/typescript/4.1/node_modules/@types/http-errors/index.d.ts'
[21:53:51.243] Adding entry into typings cache: 'http-proxy' => '/home/yuhri/.cache/typescript/4.1/node_modules/@types/http-proxy/index.d.ts'
[21:53:51.243] Adding entry into typings cache: 'http-proxy-middleware' => '/home/yuhri/.cache/typescript/4.1/node_modules/@types/http-proxy-middleware/index.d.ts'
[21:53:51.244] Adding entry into typings cache: 'icss-utils' => '/home/yuhri/.cache/typescript/4.1/node_modules/@types/icss-utils/index.d.ts'
[21:53:51.244] Adding entry into typings cache: 'iferr' => '/home/yuhri/.cache/typescript/4.1/node_modules/@types/iferr/index.d.ts'
[21:53:51.245] Adding entry into typings cache: 'imurmurhash' => '/home/yuhri/.cache/typescript/4.1/node_modules/@types/imurmurhash/index.d.ts'
[21:53:51.246] Adding entry into typings cache: 'inherits' => '/home/yuhri/.cache/typescript/4.1/node_modules/@types/inherits/index.d.ts'
[21:53:51.247] Adding entry into typings cache: 'ini' => '/home/yuhri/.cache/typescript/4.1/node_modules/@types/ini/index.d.ts'
[21:53:51.248] Adding entry into typings cache: 'internal-slot' => '/home/yuhri/.cache/typescript/4.1/node_modules/@types/internal-slot/index.d.ts'
[21:53:51.249] Adding entry into typings cache: 'invariant' => '/home/yuhri/.cache/typescript/4.1/node_modules/@types/invariant/index.d.ts'
[21:53:51.250] Adding entry into typings cache: 'ip' => '/home/yuhri/.cache/typescript/4.1/node_modules/@types/ip/index.d.ts'
[21:53:51.252] Adding entry into typings cache: 'is-buffer' => '/home/yuhri/.cache/typescript/4.1/node_modules/@types/is-buffer/index.d.ts'
[21:53:51.253] Adding entry into typings cache: 'is-callable' => '/home/yuhri/.cache/typescript/4.1/node_modules/@types/is-callable/index.d.ts'
[21:53:51.254] Adding entry into typings cache: 'is-ci' => '/home/yuhri/.cache/typescript/4.1/node_modules/@types/is-ci/index.d.ts'
[21:53:51.255] Adding entry into typings cache: 'is-date-object' => '/home/yuhri/.cache/typescript/4.1/node_modules/@types/is-date-object/index.d.ts'
[21:53:51.257] Adding entry into typings cache: 'is-glob' => '/home/yuhri/.cache/typescript/4.1/node_modules/@types/is-glob/index.d.ts'
[21:53:51.259] Adding entry into typings cache: 'is-number' => '/home/yuhri/.cache/typescript/4.1/node_modules/@types/is-number/index.d.ts'
[21:53:51.259] Adding entry into typings cache: 'is-regex' => '/home/yuhri/.cache/typescript/4.1/node_modules/@types/is-regex/index.d.ts'
[21:53:51.260] Adding entry into typings cache: 'is-typedarray' => '/home/yuhri/.cache/typescript/4.1/node_modules/@types/is-typedarray/index.d.ts'
[21:53:51.262] Adding entry into typings cache: 'is-windows' => '/home/yuhri/.cache/typescript/4.1/node_modules/@types/is-windows/index.d.ts'
[21:53:51.263] Adding entry into typings cache: 'isarray' => '/home/yuhri/.cache/typescript/4.1/node_modules/@types/isarray/index.d.ts'
[21:53:51.263] Adding entry into typings cache: 'isexe' => '/home/yuhri/.cache/typescript/4.1/node_modules/@types/isexe/index.d.ts'
[21:53:51.264] Adding entry into typings cache: 'isstream' => '/home/yuhri/.cache/typescript/4.1/node_modules/@types/isstream/index.d.ts'
[21:53:51.265] Adding entry into typings cache: 'istanbul-lib-coverage' => '/home/yuhri/.cache/typescript/4.1/node_modules/@types/istanbul-lib-coverage/index.d.ts'
[21:53:51.266] Adding entry into typings cache: 'istanbul-lib-instrument' => '/home/yuhri/.cache/typescript/4.1/node_modules/@types/istanbul-lib-instrument/index.d.ts'
[21:53:51.266] Adding entry into typings cache: 'istanbul-lib-report' => '/home/yuhri/.cache/typescript/4.1/node_modules/@types/istanbul-lib-report/index.d.ts'
[21:53:51.267] Adding entry into typings cache: 'istanbul-lib-source-maps' => '/home/yuhri/.cache/typescript/4.1/node_modules/@types/istanbul-lib-source-maps/index.d.ts'
[21:53:51.267] Adding entry into typings cache: 'istanbul-reports' => '/home/yuhri/.cache/typescript/4.1/node_modules/@types/istanbul-reports/index.d.ts'
[21:53:51.268] Adding entry into typings cache: 'js-yaml' => '/home/yuhri/.cache/typescript/4.1/node_modules/@types/js-yaml/index.d.ts'
[21:53:51.269] Adding entry into typings cache: 'jsbn' => '/home/yuhri/.cache/typescript/4.1/node_modules/@types/jsbn/index.d.ts'
[21:53:51.269] Adding entry into typings cache: 'jsdom' => '/home/yuhri/.cache/typescript/4.1/node_modules/@types/jsdom/index.d.ts'
[21:53:51.271] Adding entry into typings cache: 'jsesc' => '/home/yuhri/.cache/typescript/4.1/node_modules/@types/jsesc/index.d.ts'
[21:53:51.272] Adding entry into typings cache: 'json-parse-better-errors' => '/home/yuhri/.cache/typescript/4.1/node_modules/@types/json-parse-better-errors/index.d.ts'
[21:53:51.273] Adding entry into typings cache: 'json-schema' => '/home/yuhri/.cache/typescript/4.1/node_modules/@types/json-schema/index.d.ts'
[21:53:51.275] Adding entry into typings cache: 'json-schema-traverse' => '/home/yuhri/.cache/typescript/4.1/node_modules/@types/json-schema-traverse/index.d.ts'
[21:53:51.276] Adding entry into typings cache: 'json-stringify-safe' => '/home/yuhri/.cache/typescript/4.1/node_modules/@types/json-stringify-safe/index.d.ts'
[21:53:51.276] Adding entry into typings cache: 'json3' => '/home/yuhri/.cache/typescript/4.1/node_modules/@types/json3/index.d.ts'
[21:53:51.277] Adding entry into typings cache: 'json5' => '/home/yuhri/.cache/typescript/4.1/node_modules/@types/json5/index.d.ts'
[21:53:51.278] Adding entry into typings cache: 'jsonfile' => '/home/yuhri/.cache/typescript/4.1/node_modules/@types/jsonfile/index.d.ts'
[21:53:51.280] Adding entry into typings cache: 'kind-of' => '/home/yuhri/.cache/typescript/4.1/node_modules/@types/kind-of/index.d.ts'
[21:53:51.280] Adding entry into typings cache: 'language-tags' => '/home/yuhri/.cache/typescript/4.1/node_modules/@types/language-tags/index.d.ts'
[21:53:51.281] Adding entry into typings cache: 'loader-runner' => '/home/yuhri/.cache/typescript/4.1/node_modules/@types/loader-runner/index.d.ts'
[21:53:51.282] Adding entry into typings cache: 'loader-utils' => '/home/yuhri/.cache/typescript/4.1/node_modules/@types/loader-utils/index.d.ts'
[21:53:51.284] Adding entry into typings cache: 'lodash' => '/home/yuhri/.cache/typescript/4.1/node_modules/@types/lodash/index.d.ts'
[21:53:51.284] Adding entry into typings cache: 'lodash-es' => '/home/yuhri/.cache/typescript/4.1/node_modules/@types/lodash-es/index.d.ts'
[21:53:51.285] Adding entry into typings cache: 'lodash.isplainobject' => '/home/yuhri/.cache/typescript/4.1/node_modules/@types/lodash.isplainobject/index.d.ts'
[21:53:51.286] Adding entry into typings cache: 'lodash.memoize' => '/home/yuhri/.cache/typescript/4.1/node_modules/@types/lodash.memoize/index.d.ts'
[21:53:51.288] Adding entry into typings cache: 'lodash.sortby' => '/home/yuhri/.cache/typescript/4.1/node_modules/@types/lodash.sortby/index.d.ts'
[21:53:51.291] Adding entry into typings cache: 'lodash.template' => '/home/yuhri/.cache/typescript/4.1/node_modules/@types/lodash.template/index.d.ts'
[21:53:51.291] Adding entry into typings cache: 'lodash.uniq' => '/home/yuhri/.cache/typescript/4.1/node_modules/@types/lodash.uniq/index.d.ts'
[21:53:51.292] Adding entry into typings cache: 'lru-cache' => '/home/yuhri/.cache/typescript/4.1/node_modules/@types/lru-cache/index.d.ts'
[21:53:51.292] Adding entry into typings cache: 'lz-string' => '/home/yuhri/.cache/typescript/4.1/node_modules/@types/lz-string/index.d.ts'
[21:53:51.293] Adding entry into typings cache: 'media-typer' => '/home/yuhri/.cache/typescript/4.1/node_modules/@types/media-typer/index.d.ts'
[21:53:51.293] Adding entry into typings cache: 'memory-fs' => '/home/yuhri/.cache/typescript/4.1/node_modules/@types/memory-fs/index.d.ts'
[21:53:51.294] Adding entry into typings cache: 'merge-descriptors' => '/home/yuhri/.cache/typescript/4.1/node_modules/@types/merge-descriptors/index.d.ts'
[21:53:51.294] Adding entry into typings cache: 'merge-stream' => '/home/yuhri/.cache/typescript/4.1/node_modules/@types/merge-stream/index.d.ts'
[21:53:51.295] Adding entry into typings cache: 'merge2' => '/home/yuhri/.cache/typescript/4.1/node_modules/@types/merge2/index.d.ts'
[21:53:51.296] Adding entry into typings cache: 'methods' => '/home/yuhri/.cache/typescript/4.1/node_modules/@types/methods/index.d.ts'
[21:53:51.297] Adding entry into typings cache: 'micromatch' => '/home/yuhri/.cache/typescript/4.1/node_modules/@types/micromatch/index.d.ts'
[21:53:51.298] Adding entry into typings cache: 'mime' => '/home/yuhri/.cache/typescript/4.1/node_modules/@types/mime/index.d.ts'
[21:53:51.299] Adding entry into typings cache: 'mime-db' => '/home/yuhri/.cache/typescript/4.1/node_modules/@types/mime-db/index.d.ts'
[21:53:51.300] Adding entry into typings cache: 'mime-types' => '/home/yuhri/.cache/typescript/4.1/node_modules/@types/mime-types/index.d.ts'
[21:53:51.300] Adding entry into typings cache: 'min-indent' => '/home/yuhri/.cache/typescript/4.1/node_modules/@types/min-indent/index.d.ts'
[21:53:51.301] Adding entry into typings cache: 'mini-css-extract-plugin' => '/home/yuhri/.cache/typescript/4.1/node_modules/@types/mini-css-extract-plugin/index.d.ts'
[21:53:51.301] Adding entry into typings cache: 'minimalistic-assert' => '/home/yuhri/.cache/typescript/4.1/node_modules/@types/minimalistic-assert/index.d.ts'
[21:53:51.302] Adding entry into typings cache: 'minimatch' => '/home/yuhri/.cache/typescript/4.1/node_modules/@types/minimatch/index.d.ts'
[21:53:51.302] Adding entry into typings cache: 'minimist' => '/home/yuhri/.cache/typescript/4.1/node_modules/@types/minimist/index.d.ts'
[21:53:51.303] Adding entry into typings cache: 'minipass' => '/home/yuhri/.cache/typescript/4.1/node_modules/@types/minipass/index.d.ts'
[21:53:51.303] Adding entry into typings cache: 'mkdirp' => '/home/yuhri/.cache/typescript/4.1/node_modules/@types/mkdirp/index.d.ts'
[21:53:51.304] Adding entry into typings cache: 'move-concurrently' => '/home/yuhri/.cache/typescript/4.1/node_modules/@types/move-concurrently/index.d.ts'
[21:53:51.305] Adding entry into typings cache: 'ms' => '/home/yuhri/.cache/typescript/4.1/node_modules/@types/ms/index.d.ts'
[21:53:51.305] Adding entry into typings cache: 'natural-compare' => '/home/yuhri/.cache/typescript/4.1/node_modules/@types/natural-compare/index.d.ts'
[21:53:51.306] Adding entry into typings cache: 'negotiator' => '/home/yuhri/.cache/typescript/4.1/node_modules/@types/negotiator/index.d.ts'
[21:53:51.306] Adding entry into typings cache: 'next-tick' => '/home/yuhri/.cache/typescript/4.1/node_modules/@types/next-tick/index.d.ts'
[21:53:51.307] Adding entry into typings cache: 'nice-try' => '/home/yuhri/.cache/typescript/4.1/node_modules/@types/nice-try/index.d.ts'
[21:53:51.307] Adding entry into typings cache: 'node-fetch' => '/home/yuhri/.cache/typescript/4.1/node_modules/@types/node-fetch/index.d.ts'
[21:53:51.308] Adding entry into typings cache: 'node-forge' => '/home/yuhri/.cache/typescript/4.1/node_modules/@types/node-forge/index.d.ts'
[21:53:51.309] Adding entry into typings cache: 'node-int64' => '/home/yuhri/.cache/typescript/4.1/node_modules/@types/node-int64/index.d.ts'
[21:53:51.309] Adding entry into typings cache: 'node-notifier' => '/home/yuhri/.cache/typescript/4.1/node_modules/@types/node-notifier/index.d.ts'
[21:53:51.310] Adding entry into typings cache: 'normalize-package-data' => '/home/yuhri/.cache/typescript/4.1/node_modules/@types/normalize-package-data/index.d.ts'
[21:53:51.311] Adding entry into typings cache: 'normalize-path' => '/home/yuhri/.cache/typescript/4.1/node_modules/@types/normalize-path/index.d.ts'
[21:53:51.311] Adding entry into typings cache: 'num2fraction' => '/home/yuhri/.cache/typescript/4.1/node_modules/@types/num2fraction/index.d.ts'
[21:53:51.312] Adding entry into typings cache: 'object-assign' => '/home/yuhri/.cache/typescript/4.1/node_modules/@types/object-assign/index.d.ts'
[21:53:51.312] Adding entry into typings cache: 'object-inspect' => '/home/yuhri/.cache/typescript/4.1/node_modules/@types/object-inspect/index.d.ts'
[21:53:51.313] Adding entry into typings cache: 'object-keys' => '/home/yuhri/.cache/typescript/4.1/node_modules/@types/object-keys/index.d.ts'
[21:53:51.313] Adding entry into typings cache: 'object-path' => '/home/yuhri/.cache/typescript/4.1/node_modules/@types/object-path/index.d.ts'
[21:53:51.314] Adding entry into typings cache: 'object.fromentries' => '/home/yuhri/.cache/typescript/4.1/node_modules/@types/object.fromentries/index.d.ts'
[21:53:51.314] Adding entry into typings cache: 'object.getownpropertydescriptors' => '/home/yuhri/.cache/typescript/4.1/node_modules/@types/object.getownpropertydescriptors/index.d.ts'
[21:53:51.315] Adding entry into typings cache: 'object.pick' => '/home/yuhri/.cache/typescript/4.1/node_modules/@types/object.pick/index.d.ts'
[21:53:51.316] Adding entry into typings cache: 'on-finished' => '/home/yuhri/.cache/typescript/4.1/node_modules/@types/on-finished/index.d.ts'
[21:53:51.316] Adding entry into typings cache: 'on-headers' => '/home/yuhri/.cache/typescript/4.1/node_modules/@types/on-headers/index.d.ts'
[21:53:51.316] Adding entry into typings cache: 'once' => '/home/yuhri/.cache/typescript/4.1/node_modules/@types/once/index.d.ts'
[21:53:51.317] Adding entry into typings cache: 'optimize-css-assets-webpack-plugin' => '/home/yuhri/.cache/typescript/4.1/node_modules/@types/optimize-css-assets-webpack-plugin/index.d.ts'
[21:53:51.318] Adding entry into typings cache: 'original' => '/home/yuhri/.cache/typescript/4.1/node_modules/@types/original/index.d.ts'
[21:53:51.318] Adding entry into typings cache: 'pako' => '/home/yuhri/.cache/typescript/4.1/node_modules/@types/pako/index.d.ts'
[21:53:51.318] Adding entry into typings cache: 'parallel-transform' => '/home/yuhri/.cache/typescript/4.1/node_modules/@types/parallel-transform/index.d.ts'
[21:53:51.319] Adding entry into typings cache: 'parse-json' => '/home/yuhri/.cache/typescript/4.1/node_modules/@types/parse-json/index.d.ts'
[21:53:51.320] Adding entry into typings cache: 'parse5' => '/home/yuhri/.cache/typescript/4.1/node_modules/@types/parse5/index.d.ts'
[21:53:51.320] Adding entry into typings cache: 'parseurl' => '/home/yuhri/.cache/typescript/4.1/node_modules/@types/parseurl/index.d.ts'
[21:53:51.321] Adding entry into typings cache: 'pascalcase' => '/home/yuhri/.cache/typescript/4.1/node_modules/@types/pascalcase/index.d.ts'
[21:53:51.321] Adding entry into typings cache: 'path-is-absolute' => '/home/yuhri/.cache/typescript/4.1/node_modules/@types/path-is-absolute/index.d.ts'
[21:53:51.322] Adding entry into typings cache: 'path-is-inside' => '/home/yuhri/.cache/typescript/4.1/node_modules/@types/path-is-inside/index.d.ts'
[21:53:51.322] Adding entry into typings cache: 'path-parse' => '/home/yuhri/.cache/typescript/4.1/node_modules/@types/path-parse/index.d.ts'
[21:53:51.323] Adding entry into typings cache: 'pbkdf2' => '/home/yuhri/.cache/typescript/4.1/node_modules/@types/pbkdf2/index.d.ts'
[21:53:51.323] Adding entry into typings cache: 'picomatch' => '/home/yuhri/.cache/typescript/4.1/node_modules/@types/picomatch/index.d.ts'
[21:53:51.324] Adding entry into typings cache: 'pify' => '/home/yuhri/.cache/typescript/4.1/node_modules/@types/pify/index.d.ts'
[21:53:51.324] Adding entry into typings cache: 'platform' => '/home/yuhri/.cache/typescript/4.1/node_modules/@types/platform/index.d.ts'
[21:53:51.325] Adding entry into typings cache: 'postcss-calc' => '/home/yuhri/.cache/typescript/4.1/node_modules/@types/postcss-calc/index.d.ts'
[21:53:51.325] Adding entry into typings cache: 'postcss-custom-properties' => '/home/yuhri/.cache/typescript/4.1/node_modules/@types/postcss-custom-properties/index.d.ts'
[21:53:51.326] Adding entry into typings cache: 'postcss-flexbugs-fixes' => '/home/yuhri/.cache/typescript/4.1/node_modules/@types/postcss-flexbugs-fixes/index.d.ts'
[21:53:51.326] Adding entry into typings cache: 'postcss-focus-within' => '/home/yuhri/.cache/typescript/4.1/node_modules/@types/postcss-focus-within/index.d.ts'
[21:53:51.327] Adding entry into typings cache: 'postcss-gap-properties' => '/home/yuhri/.cache/typescript/4.1/node_modules/@types/postcss-gap-properties/index.d.ts'
[21:53:51.328] Adding entry into typings cache: 'postcss-load-config' => '/home/yuhri/.cache/typescript/4.1/node_modules/@types/postcss-load-config/index.d.ts'
[21:53:51.328] Adding entry into typings cache: 'postcss-modules-extract-imports' => '/home/yuhri/.cache/typescript/4.1/node_modules/@types/postcss-modules-extract-imports/index.d.ts'
[21:53:51.329] Adding entry into typings cache: 'postcss-modules-local-by-default' => '/home/yuhri/.cache/typescript/4.1/node_modules/@types/postcss-modules-local-by-default/index.d.ts'
[21:53:51.330] Adding entry into typings cache: 'postcss-modules-scope' => '/home/yuhri/.cache/typescript/4.1/node_modules/@types/postcss-modules-scope/index.d.ts'
[21:53:51.330] Adding entry into typings cache: 'postcss-modules-values' => '/home/yuhri/.cache/typescript/4.1/node_modules/@types/postcss-modules-values/index.d.ts'
[21:53:51.331] Adding entry into typings cache: 'postcss-normalize' => '/home/yuhri/.cache/typescript/4.1/node_modules/@types/postcss-normalize/index.d.ts'
[21:53:51.332] Adding entry into typings cache: 'postcss-preset-env' => '/home/yuhri/.cache/typescript/4.1/node_modules/@types/postcss-preset-env/index.d.ts'
[21:53:51.333] Adding entry into typings cache: 'postcss-safe-parser' => '/home/yuhri/.cache/typescript/4.1/node_modules/@types/postcss-safe-parser/index.d.ts'
[21:53:51.333] Adding entry into typings cache: 'prelude-ls' => '/home/yuhri/.cache/typescript/4.1/node_modules/@types/prelude-ls/index.d.ts'
[21:53:51.334] Adding entry into typings cache: 'prettier' => '/home/yuhri/.cache/typescript/4.1/node_modules/@types/prettier/index.d.ts'
[21:53:51.334] Adding entry into typings cache: 'prettier-linter-helpers' => '/home/yuhri/.cache/typescript/4.1/node_modules/@types/prettier-linter-helpers/index.d.ts'
[21:53:51.335] Adding entry into typings cache: 'progress' => '/home/yuhri/.cache/typescript/4.1/node_modules/@types/progress/index.d.ts'
[21:53:51.335] Adding entry into typings cache: 'promise-inflight' => '/home/yuhri/.cache/typescript/4.1/node_modules/@types/promise-inflight/index.d.ts'
[21:53:51.335] Adding entry into typings cache: 'prompts' => '/home/yuhri/.cache/typescript/4.1/node_modules/@types/prompts/index.d.ts'
[21:53:51.336] Adding entry into typings cache: 'prop-types' => '/home/yuhri/.cache/typescript/4.1/node_modules/@types/prop-types/index.d.ts'
[21:53:51.336] Adding entry into typings cache: 'proxy-addr' => '/home/yuhri/.cache/typescript/4.1/node_modules/@types/proxy-addr/index.d.ts'
[21:53:51.337] Adding entry into typings cache: 'psl' => '/home/yuhri/.cache/typescript/4.1/node_modules/@types/psl/index.d.ts'
[21:53:51.337] Adding entry into typings cache: 'pump' => '/home/yuhri/.cache/typescript/4.1/node_modules/@types/pump/index.d.ts'
[21:53:51.338] Adding entry into typings cache: 'pumpify' => '/home/yuhri/.cache/typescript/4.1/node_modules/@types/pumpify/index.d.ts'
[21:53:51.339] Adding entry into typings cache: 'punycode' => '/home/yuhri/.cache/typescript/4.1/node_modules/@types/punycode/index.d.ts'
[21:53:51.339] Adding entry into typings cache: 'q' => '/home/yuhri/.cache/typescript/4.1/node_modules/@types/q/index.d.ts'
[21:53:51.340] Adding entry into typings cache: 'qs' => '/home/yuhri/.cache/typescript/4.1/node_modules/@types/qs/index.d.ts'
[21:53:51.341] Adding entry into typings cache: 'querystringify' => '/home/yuhri/.cache/typescript/4.1/node_modules/@types/querystringify/index.d.ts'
[21:53:51.341] Adding entry into typings cache: 'raf' => '/home/yuhri/.cache/typescript/4.1/node_modules/@types/raf/index.d.ts'
[21:53:51.342] Adding entry into typings cache: 'randombytes' => '/home/yuhri/.cache/typescript/4.1/node_modules/@types/randombytes/index.d.ts'
[21:53:51.342] Adding entry into typings cache: 'range-parser' => '/home/yuhri/.cache/typescript/4.1/node_modules/@types/range-parser/index.d.ts'
[21:53:51.343] Adding entry into typings cache: 'react' => '/home/yuhri/.cache/typescript/4.1/node_modules/@types/react/index.d.ts'
[21:53:51.344] Adding entry into typings cache: 'react-dev-utils' => '/home/yuhri/.cache/typescript/4.1/node_modules/@types/react-dev-utils/index.d.ts'
[21:53:51.344] Adding entry into typings cache: 'react-dom' => '/home/yuhri/.cache/typescript/4.1/node_modules/@types/react-dom/index.d.ts'
[21:53:51.345] Adding entry into typings cache: 'react-is' => '/home/yuhri/.cache/typescript/4.1/node_modules/@types/react-is/index.d.ts'
[21:53:51.346] Adding entry into typings cache: 'react-redux' => '/home/yuhri/.cache/typescript/4.1/node_modules/@types/react-redux/index.d.ts'
[21:53:51.346] Adding entry into typings cache: 'react-router-dom' => '/home/yuhri/.cache/typescript/4.1/node_modules/@types/react-router-dom/index.d.ts'
[21:53:51.347] Adding entry into typings cache: 'react-transition-group' => '/home/yuhri/.cache/typescript/4.1/node_modules/@types/react-transition-group/index.d.ts'
[21:53:51.348] Adding entry into typings cache: 'readable-stream' => '/home/yuhri/.cache/typescript/4.1/node_modules/@types/readable-stream/index.d.ts'
[21:53:51.348] Adding entry into typings cache: 'recursive-readdir' => '/home/yuhri/.cache/typescript/4.1/node_modules/@types/recursive-readdir/index.d.ts'
[21:53:51.349] Adding entry into typings cache: 'regenerator-runtime' => '/home/yuhri/.cache/typescript/4.1/node_modules/@types/regenerator-runtime/index.d.ts'
[21:53:51.349] Adding entry into typings cache: 'relateurl' => '/home/yuhri/.cache/typescript/4.1/node_modules/@types/relateurl/index.d.ts'
[21:53:51.350] Adding entry into typings cache: 'repeat-element' => '/home/yuhri/.cache/typescript/4.1/node_modules/@types/repeat-element/index.d.ts'
[21:53:51.351] Adding entry into typings cache: 'repeat-string' => '/home/yuhri/.cache/typescript/4.1/node_modules/@types/repeat-string/index.d.ts'
[21:53:51.351] Adding entry into typings cache: 'request' => '/home/yuhri/.cache/typescript/4.1/node_modules/@types/request/index.d.ts'
[21:53:51.352] Adding entry into typings cache: 'request-promise-native' => '/home/yuhri/.cache/typescript/4.1/node_modules/@types/request-promise-native/index.d.ts'
[21:53:51.353] Adding entry into typings cache: 'require-directory' => '/home/yuhri/.cache/typescript/4.1/node_modules/@types/require-directory/index.d.ts'
[21:53:51.353] Adding entry into typings cache: 'requires-port' => '/home/yuhri/.cache/typescript/4.1/node_modules/@types/requires-port/index.d.ts'
[21:53:51.354] Adding entry into typings cache: 'resolve' => '/home/yuhri/.cache/typescript/4.1/node_modules/@types/resolve/index.d.ts'
[21:53:51.354] Adding entry into typings cache: 'retry' => '/home/yuhri/.cache/typescript/4.1/node_modules/@types/retry/index.d.ts'
[21:53:51.355] Adding entry into typings cache: 'rimraf' => '/home/yuhri/.cache/typescript/4.1/node_modules/@types/rimraf/index.d.ts'
[21:53:51.355] Adding entry into typings cache: 'ripemd160' => '/home/yuhri/.cache/typescript/4.1/node_modules/@types/ripemd160/index.d.ts'
[21:53:51.356] Adding entry into typings cache: 'rsvp' => '/home/yuhri/.cache/typescript/4.1/node_modules/@types/rsvp/index.d.ts'
[21:53:51.357] Adding entry into typings cache: 'run-parallel' => '/home/yuhri/.cache/typescript/4.1/node_modules/@types/run-parallel/index.d.ts'
[21:53:51.359] Adding entry into typings cache: 'safe-regex' => '/home/yuhri/.cache/typescript/4.1/node_modules/@types/safe-regex/index.d.ts'
[21:53:51.360] Adding entry into typings cache: 'safer-buffer' => '/home/yuhri/.cache/typescript/4.1/node_modules/@types/safer-buffer/index.d.ts'
[21:53:51.361] Adding entry into typings cache: 'sane' => '/home/yuhri/.cache/typescript/4.1/node_modules/@types/sane/index.d.ts'
[21:53:51.361] Adding entry into typings cache: 'sass-loader' => '/home/yuhri/.cache/typescript/4.1/node_modules/@types/sass-loader/index.d.ts'
[21:53:51.362] Adding entry into typings cache: 'sax' => '/home/yuhri/.cache/typescript/4.1/node_modules/@types/sax/index.d.ts'
[21:53:51.363] Adding entry into typings cache: 'scheduler' => '/home/yuhri/.cache/typescript/4.1/node_modules/@types/scheduler/index.d.ts'
[21:53:51.364] Adding entry into typings cache: 'semver' => '/home/yuhri/.cache/typescript/4.1/node_modules/@types/semver/index.d.ts'
[21:53:51.365] Adding entry into typings cache: 'send' => '/home/yuhri/.cache/typescript/4.1/node_modules/@types/send/index.d.ts'
[21:53:51.366] Adding entry into typings cache: 'serialize-javascript' => '/home/yuhri/.cache/typescript/4.1/node_modules/@types/serialize-javascript/index.d.ts'
[21:53:51.367] Adding entry into typings cache: 'serve-index' => '/home/yuhri/.cache/typescript/4.1/node_modules/@types/serve-index/index.d.ts'
[21:53:51.368] Adding entry into typings cache: 'serve-static' => '/home/yuhri/.cache/typescript/4.1/node_modules/@types/serve-static/index.d.ts'
[21:53:51.369] Adding entry into typings cache: 'set-value' => '/home/yuhri/.cache/typescript/4.1/node_modules/@types/set-value/index.d.ts'
[21:53:51.371] Adding entry into typings cache: 'setimmediate' => '/home/yuhri/.cache/typescript/4.1/node_modules/@types/setimmediate/index.d.ts'
[21:53:51.372] Adding entry into typings cache: 'sha.js' => '/home/yuhri/.cache/typescript/4.1/node_modules/@types/sha.js/index.d.ts'
[21:53:51.372] Adding entry into typings cache: 'shallowequal' => '/home/yuhri/.cache/typescript/4.1/node_modules/@types/shallowequal/index.d.ts'
[21:53:51.373] Adding entry into typings cache: 'shebang-command' => '/home/yuhri/.cache/typescript/4.1/node_modules/@types/shebang-command/index.d.ts'
[21:53:51.374] Adding entry into typings cache: 'shell-quote' => '/home/yuhri/.cache/typescript/4.1/node_modules/@types/shell-quote/index.d.ts'
[21:53:51.375] Adding entry into typings cache: 'signal-exit' => '/home/yuhri/.cache/typescript/4.1/node_modules/@types/signal-exit/index.d.ts'
[21:53:51.376] Adding entry into typings cache: 'slice-ansi' => '/home/yuhri/.cache/typescript/4.1/node_modules/@types/slice-ansi/index.d.ts'
[21:53:51.377] Adding entry into typings cache: 'sockjs' => '/home/yuhri/.cache/typescript/4.1/node_modules/@types/sockjs/index.d.ts'
[21:53:51.378] Adding entry into typings cache: 'sockjs-client' => '/home/yuhri/.cache/typescript/4.1/node_modules/@types/sockjs-client/index.d.ts'
[21:53:51.378] Adding entry into typings cache: 'source-list-map' => '/home/yuhri/.cache/typescript/4.1/node_modules/@types/source-list-map/index.d.ts'
[21:53:51.379] Adding entry into typings cache: 'source-map-support' => '/home/yuhri/.cache/typescript/4.1/node_modules/@types/source-map-support/index.d.ts'
[21:53:51.380] Adding entry into typings cache: 'spdx-correct' => '/home/yuhri/.cache/typescript/4.1/node_modules/@types/spdx-correct/index.d.ts'
[21:53:51.380] Adding entry into typings cache: 'spdx-expression-parse' => '/home/yuhri/.cache/typescript/4.1/node_modules/@types/spdx-expression-parse/index.d.ts'
[21:53:51.381] Adding entry into typings cache: 'spdy' => '/home/yuhri/.cache/typescript/4.1/node_modules/@types/spdy/index.d.ts'
[21:53:51.381] Adding entry into typings cache: 'sprintf' => '/home/yuhri/.cache/typescript/4.1/node_modules/@types/sprintf/index.d.ts'
[21:53:51.382] Adding entry into typings cache: 'sprintf-js' => '/home/yuhri/.cache/typescript/4.1/node_modules/@types/sprintf-js/index.d.ts'
[21:53:51.382] Adding entry into typings cache: 'sshpk' => '/home/yuhri/.cache/typescript/4.1/node_modules/@types/sshpk/index.d.ts'
[21:53:51.383] Adding entry into typings cache: 'ssri' => '/home/yuhri/.cache/typescript/4.1/node_modules/@types/ssri/index.d.ts'
[21:53:51.383] Adding entry into typings cache: 'stack-utils' => '/home/yuhri/.cache/typescript/4.1/node_modules/@types/stack-utils/index.d.ts'
[21:53:51.384] Adding entry into typings cache: 'statuses' => '/home/yuhri/.cache/typescript/4.1/node_modules/@types/statuses/index.d.ts'
[21:53:51.384] Adding entry into typings cache: 'stream-each' => '/home/yuhri/.cache/typescript/4.1/node_modules/@types/stream-each/index.d.ts'
[21:53:51.385] Adding entry into typings cache: 'stream-shift' => '/home/yuhri/.cache/typescript/4.1/node_modules/@types/stream-shift/index.d.ts'
[21:53:51.385] Adding entry into typings cache: 'strict-uri-encode' => '/home/yuhri/.cache/typescript/4.1/node_modules/@types/strict-uri-encode/index.d.ts'
[21:53:51.386] Adding entry into typings cache: 'string-hash' => '/home/yuhri/.cache/typescript/4.1/node_modules/@types/string-hash/index.d.ts'
[21:53:51.386] Adding entry into typings cache: 'string-natural-compare' => '/home/yuhri/.cache/typescript/4.1/node_modules/@types/string-natural-compare/index.d.ts'
[21:53:51.387] Adding entry into typings cache: 'string.prototype.matchall' => '/home/yuhri/.cache/typescript/4.1/node_modules/@types/string.prototype.matchall/index.d.ts'
[21:53:51.388] Adding entry into typings cache: 'stringify-object' => '/home/yuhri/.cache/typescript/4.1/node_modules/@types/stringify-object/index.d.ts'
[21:53:51.388] Adding entry into typings cache: 'strip-comments' => '/home/yuhri/.cache/typescript/4.1/node_modules/@types/strip-comments/index.d.ts'
[21:53:51.389] Adding entry into typings cache: 'styled-components' => '/home/yuhri/.cache/typescript/4.1/node_modules/@types/styled-components/index.d.ts'
[21:53:51.389] Adding entry into typings cache: 'styled-jsx' => '/home/yuhri/.cache/typescript/4.1/node_modules/@types/styled-jsx/index.d.ts'
[21:53:51.390] Adding entry into typings cache: 'supports-color' => '/home/yuhri/.cache/typescript/4.1/node_modules/@types/supports-color/index.d.ts'
[21:53:51.391] Adding entry into typings cache: 'svg-parser' => '/home/yuhri/.cache/typescript/4.1/node_modules/@types/svg-parser/index.d.ts'
[21:53:51.392] Adding entry into typings cache: 'svgo' => '/home/yuhri/.cache/typescript/4.1/node_modules/@types/svgo/index.d.ts'
[21:53:51.392] Adding entry into typings cache: 'symbol-tree' => '/home/yuhri/.cache/typescript/4.1/node_modules/@types/symbol-tree/index.d.ts'
[21:53:51.393] Adding entry into typings cache: 'table' => '/home/yuhri/.cache/typescript/4.1/node_modules/@types/table/index.d.ts'
[21:53:51.394] Adding entry into typings cache: 'tapable' => '/home/yuhri/.cache/typescript/4.1/node_modules/tapable/tapable.d.ts'
[21:53:51.394] Adding entry into typings cache: 'tar' => '/home/yuhri/.cache/typescript/4.1/node_modules/@types/tar/index.d.ts'
[21:53:51.397] Adding entry into typings cache: 'terser-webpack-plugin' => '/home/yuhri/.cache/typescript/4.1/node_modules/@types/terser-webpack-plugin/index.d.ts'
[21:53:51.398] Adding entry into typings cache: 'testing-library__jest-dom' => '/home/yuhri/.cache/typescript/4.1/node_modules/@types/testing-library__jest-dom/index.d.ts'
[21:53:51.398] Adding entry into typings cache: 'text-table' => '/home/yuhri/.cache/typescript/4.1/node_modules/@types/text-table/index.d.ts'
[21:53:51.399] Adding entry into typings cache: 'through2' => '/home/yuhri/.cache/typescript/4.1/node_modules/@types/through2/index.d.ts'
[21:53:51.400] Adding entry into typings cache: 'timsort' => '/home/yuhri/.cache/typescript/4.1/node_modules/@types/timsort/index.d.ts'
[21:53:51.401] Adding entry into typings cache: 'toposort' => '/home/yuhri/.cache/typescript/4.1/node_modules/@types/toposort/index.d.ts'
[21:53:51.401] Adding entry into typings cache: 'tough-cookie' => '/home/yuhri/.cache/typescript/4.1/node_modules/@types/tough-cookie/index.d.ts'
[21:53:51.402] Adding entry into typings cache: 'traverse' => '/home/yuhri/.cache/typescript/4.1/node_modules/@types/traverse/index.d.ts'
[21:53:51.403] Adding entry into typings cache: 'tryer' => '/home/yuhri/.cache/typescript/4.1/node_modules/@types/tryer/index.d.ts'
[21:53:51.403] Adding entry into typings cache: 'type-check' => '/home/yuhri/.cache/typescript/4.1/node_modules/@types/type-check/index.d.ts'
[21:53:51.403] Adding entry into typings cache: 'type-detect' => '/home/yuhri/.cache/typescript/4.1/node_modules/@types/type-detect/index.d.ts'
[21:53:51.404] Adding entry into typings cache: 'type-is' => '/home/yuhri/.cache/typescript/4.1/node_modules/@types/type-is/index.d.ts'
[21:53:51.405] Adding entry into typings cache: 'uniq' => '/home/yuhri/.cache/typescript/4.1/node_modules/@types/uniq/index.d.ts'
[21:53:51.405] Adding entry into typings cache: 'unist' => '/home/yuhri/.cache/typescript/4.1/node_modules/@types/unist/index.d.ts'
[21:53:51.406] Adding entry into typings cache: 'universalify' => '/home/yuhri/.cache/typescript/4.1/node_modules/@types/universalify/index.d.ts'
[21:53:51.407] Adding entry into typings cache: 'urix' => '/home/yuhri/.cache/typescript/4.1/node_modules/@types/urix/index.d.ts'
[21:53:51.408] Adding entry into typings cache: 'url-parse' => '/home/yuhri/.cache/typescript/4.1/node_modules/@types/url-parse/index.d.ts'
[21:53:51.409] Adding entry into typings cache: 'use-subscription' => '/home/yuhri/.cache/typescript/4.1/node_modules/@types/use-subscription/index.d.ts'
[21:53:51.410] Adding entry into typings cache: 'util-deprecate' => '/home/yuhri/.cache/typescript/4.1/node_modules/@types/util-deprecate/index.d.ts'
[21:53:51.410] Adding entry into typings cache: 'util.promisify' => '/home/yuhri/.cache/typescript/4.1/node_modules/@types/util.promisify/index.d.ts'
[21:53:51.411] Adding entry into typings cache: 'utils-merge' => '/home/yuhri/.cache/typescript/4.1/node_modules/@types/utils-merge/index.d.ts'
[21:53:51.411] Adding entry into typings cache: 'uuid' => '/home/yuhri/.cache/typescript/4.1/node_modules/@types/uuid/index.d.ts'
[21:53:51.412] Adding entry into typings cache: 'validate-npm-package-license' => '/home/yuhri/.cache/typescript/4.1/node_modules/@types/validate-npm-package-license/index.d.ts'
[21:53:51.412] Adding entry into typings cache: 'vary' => '/home/yuhri/.cache/typescript/4.1/node_modules/@types/vary/index.d.ts'
[21:53:51.413] Adding entry into typings cache: 'verror' => '/home/yuhri/.cache/typescript/4.1/node_modules/@types/verror/index.d.ts'
[21:53:51.413] Adding entry into typings cache: 'w3c-xmlserializer' => '/home/yuhri/.cache/typescript/4.1/node_modules/@types/w3c-xmlserializer/index.d.ts'
[21:53:51.414] Adding entry into typings cache: 'watchpack' => '/home/yuhri/.cache/typescript/4.1/node_modules/@types/watchpack/index.d.ts'
[21:53:51.414] Adding entry into typings cache: 'webidl-conversions' => '/home/yuhri/.cache/typescript/4.1/node_modules/@types/webidl-conversions/index.d.ts'
[21:53:51.415] Adding entry into typings cache: 'webpack' => '/home/yuhri/.cache/typescript/4.1/node_modules/webpack/types.d.ts'
[21:53:51.416] Adding entry into typings cache: 'webpack-dev-middleware' => '/home/yuhri/.cache/typescript/4.1/node_modules/@types/webpack-dev-middleware/index.d.ts'
[21:53:51.417] Adding entry into typings cache: 'webpack-dev-server' => '/home/yuhri/.cache/typescript/4.1/node_modules/@types/webpack-dev-server/index.d.ts'
[21:53:51.418] Adding entry into typings cache: 'webpack-manifest-plugin' => '/home/yuhri/.cache/typescript/4.1/node_modules/@types/webpack-manifest-plugin/index.d.ts'
[21:53:51.419] Adding entry into typings cache: 'webpack-sources' => '/home/yuhri/.cache/typescript/4.1/node_modules/@types/webpack-sources/index.d.ts'
[21:53:51.420] Adding entry into typings cache: 'whatwg-encoding' => '/home/yuhri/.cache/typescript/4.1/node_modules/@types/whatwg-encoding/index.d.ts'
[21:53:51.421] Adding entry into typings cache: 'whatwg-mimetype' => '/home/yuhri/.cache/typescript/4.1/node_modules/@types/whatwg-mimetype/index.d.ts'
[21:53:51.421] Adding entry into typings cache: 'whatwg-url' => '/home/yuhri/.cache/typescript/4.1/node_modules/@types/whatwg-url/index.d.ts'
[21:53:51.421] Adding entry into typings cache: 'which' => '/home/yuhri/.cache/typescript/4.1/node_modules/@types/which/index.d.ts'
[21:53:51.422] Adding entry into typings cache: 'workbox-build' => '/home/yuhri/.cache/typescript/4.1/node_modules/@types/workbox-build/index.d.ts'
[21:53:51.423] Adding entry into typings cache: 'workbox-sw' => '/home/yuhri/.cache/typescript/4.1/node_modules/@types/workbox-sw/index.d.ts'
[21:53:51.423] Adding entry into typings cache: 'workbox-webpack-plugin' => '/home/yuhri/.cache/typescript/4.1/node_modules/@types/workbox-webpack-plugin/index.d.ts'
[21:53:51.424] Adding entry into typings cache: 'wrap-ansi' => '/home/yuhri/.cache/typescript/4.1/node_modules/@types/wrap-ansi/index.d.ts'
[21:53:51.425] Adding entry into typings cache: 'write' => '/home/yuhri/.cache/typescript/4.1/node_modules/@types/write/index.d.ts'
[21:53:51.426] Adding entry into typings cache: 'write-file-atomic' => '/home/yuhri/.cache/typescript/4.1/node_modules/@types/write-file-atomic/index.d.ts'
[21:53:51.427] Adding entry into typings cache: 'ws' => '/home/yuhri/.cache/typescript/4.1/node_modules/@types/ws/index.d.ts'
[21:53:51.427] Adding entry into typings cache: 'xtend' => '/home/yuhri/.cache/typescript/4.1/node_modules/@types/xtend/index.d.ts'
[21:53:51.428] Adding entry into typings cache: 'y18n' => '/home/yuhri/.cache/typescript/4.1/node_modules/@types/y18n/index.d.ts'
[21:53:51.429] Adding entry into typings cache: 'yallist' => '/home/yuhri/.cache/typescript/4.1/node_modules/@types/yallist/index.d.ts'
[21:53:51.430] Adding entry into typings cache: 'yargs' => '/home/yuhri/.cache/typescript/4.1/node_modules/@types/yargs/index.d.ts'
[21:53:51.430] Adding entry into typings cache: 'yargs-parser' => '/home/yuhri/.cache/typescript/4.1/node_modules/@types/yargs-parser/index.d.ts'
[21:53:51.431] Adding entry into typings cache: 'yup' => '/home/yuhri/.cache/typescript/4.1/node_modules/@types/yup/index.d.ts'
[21:53:51.431] Finished processing cache location '/home/yuhri/.cache/typescript/4.1'
[21:53:51.431] Process id: 203710
[21:53:51.431] NPM location: /home/yuhri/.asdf/installs/nodejs/14.10.1/bin/npm (explicit '--npmLocation' not  provided)
[21:53:51.431] validateDefaultNpmLocation: false
[21:53:51.431] Npm config file: /home/yuhri/.cache/typescript/4.1/package.json
[21:53:51.431] Updating types-registry npm package...
[21:53:51.431] Exec: /home/yuhri/.asdf/installs/nodejs/14.10.1/bin/npm install --ignore-scripts types-registry@latest
[21:53:55.286]     Succeeded. stdout:
    + types-registry@0.1.518
    updated 1 package and audited 764 packages in 3.183s

14 packages are looking for funding
  run `npm fund` for details

found 0 vulnerabilities


[21:53:55.286] Updated types-registry npm package
